<?xml version="1.0" encoding="UTF-8"?>
<!-- Generated by org.testng.reporters.JUnitReportReporter -->
<testsuite hostname="ATMECSINLT-1000" failures="0" tests="1" name="com.atmecs.test.Operations" time="0.891" errors="0" timestamp="2021-09-08T20:20:11 IST" skipped="0">
  <testcase classname="com.atmecs.test.Operations" name="testUtil" time="0.891"/>
  <system-out/>
</testsuite> <!-- com.atmecs.test.Operations -->
