<?xml version="1.0" encoding="UTF-8"?>
<!-- Generated by org.testng.reporters.JUnitReportReporter -->
<testsuite hostname="ATMECSINLT-1000" failures="0" tests="1" name="com.atmecs.test.AtmecsHomePageTest" time="17.390" errors="0" timestamp="2021-09-07T21:10:49 IST" skipped="0">
  <testcase classname="com.atmecs.test.AtmecsHomePageTest" name="TestAtmecsHome" time="17.390"/>
  <system-out/>
</testsuite> <!-- com.atmecs.test.AtmecsHomePageTest -->
